<?xml version="1.0" encoding="UTF-8"?>
<testsuite xmlns:xsi="http://www.w3.org/2001/XMLSchema-instance" xsi:noNamespaceSchemaLocation="https://maven.apache.org/surefire/maven-surefire-plugin/xsd/surefire-test-report.xsd" version="3.0.1" name="com.nt.main.AppTest" time="0.067" tests="4" errors="0" skipped="0" failures="0">
  <properties>
[...]
</properties>
  <testcase name="testWithNegativeValues" classname="com.nt.main.AppTest" time="0.03"/>
  <testcase name="testWithPositiveValues" classname="com.nt.main.AppTest" time="0.001"/>
  <testcase name="testWithMixedValues" classname="com.nt.main.AppTest" time="0.001"/>
  <testcase name="testWithZeros" classname="com.nt.main.AppTest" time="0.001"/>
</testsuite>